<?xml version="1.0" encoding="UTF-8"?>
<!-- Generated by org.testng.reporters.JUnitReportReporter -->
<testsuite hostname="LAPTOP-6COU3AKC" failures="0" tests="4" name="lambdatestjava.LambdaTestJava" time="29.885" errors="0" timestamp="2023-01-09T13:20:01 IST" skipped="0">
  <testcase classname="lambdatestjava.LambdaTestJava" name="testScenario1" time="7.672"/>
  <system-out/>
  <testcase classname="lambdatestjava.LambdaTestJava" name="testScenario1" time="10.389"/>
  <system-out/>
  <testcase classname="lambdatestjava.LambdaTestJava" name="testScenario1" time="5.476"/>
  <system-out/>
  <testcase classname="lambdatestjava.LambdaTestJava" name="testScenario1" time="6.348"/>
  <system-out/>
</testsuite> <!-- lambdatestjava.LambdaTestJava -->
