<?xml version="1.0" encoding="UTF-8"?>
<!-- Generated by org.testng.reporters.JUnitReportReporter -->
<testsuite hostname="LAPTOP-6COU3AKC" failures="0" tests="1" name="lambdatest.Lambdatest" time="7.614" errors="0" timestamp="2022-12-22T12:54:47 IST" skipped="0">
  <testcase classname="lambdatest.Lambdatest" name="testScript" time="7.614"/>
  <system-out/>
</testsuite> <!-- lambdatest.Lambdatest -->
